932 : 2024-06-02 03:36:37,197 : INFO : telemetry.main : Attempt start. Configuration directory [/home/tanmoy/.azure].
932 : 2024-06-02 03:36:37,198 : DEBUG : telemetry.note : acquiring lock
932 : 2024-06-02 03:36:37,198 : DEBUG : telemetry.note : acquired lock
932 : 2024-06-02 03:36:37,198 : INFO : telemetry.note : Update the note mtime to 2024-06-02 03:36:37.198829
932 : 2024-06-02 03:36:37,199 : WARNING : telemetry.note : Fail to parse or read the timestamp 'N/A' in the note file. Set the last send time to minimal. Reason: not readable
932 : 2024-06-02 03:36:37,199 : INFO : telemetry.records : 1 cache files to move.
932 : 2024-06-02 03:36:37,199 : INFO : telemetry.records : Create temp folder /tmp/tmp0ye22p81
932 : 2024-06-02 03:36:37,200 : INFO : telemetry.records : Move file /home/tanmoy/.azure/telemetry/cache to /tmp/tmp0ye22p81/cache
932 : 2024-06-02 03:36:37,204 : INFO : telemetry.records : Processed file /tmp/tmp0ye22p81/cache into 1 records.
932 : 2024-06-02 03:36:37,204 : INFO : telemetry.records : Remove directory /tmp/tmp0ye22p81
932 : 2024-06-02 03:36:37,205 : INFO : telemetry.client : Accumulated 1 events. Flush the clients.
932 : 2024-06-02 03:36:37,205 : INFO : telemetry.client : Flush client c4395b75-49cc-422c-bc95-c7d51aef5d46.
932 : 2024-06-02 03:36:37,936 : INFO : telemetry.sender : Sending 4283 bytes
932 : 2024-06-02 03:36:37,937 : INFO : telemetry.sender : Finish uploading in 0.730751 seconds.
932 : 2024-06-02 03:36:37,937 : INFO : telemetry.note : Update the last send in note to 2024-06-02 03:36:36
932 : 2024-06-02 03:36:37,937 : INFO : telemetry.note : Update the note mtime to 2024-06-02 03:36:37.937816
959 : 2024-06-02 03:36:39,861 : INFO : telemetry.main : Attempt start. Configuration directory [/home/tanmoy/.azure].
959 : 2024-06-02 03:36:39,861 : DEBUG : telemetry.note : acquiring lock
959 : 2024-06-02 03:36:39,861 : DEBUG : telemetry.note : acquired lock
959 : 2024-06-02 03:36:39,862 : INFO : telemetry.note : Update the note mtime to 2024-06-02 03:36:39.862045
959 : 2024-06-02 03:36:39,866 : INFO : telemetry.note : Read timestamp from the note. The last send was 2024-06-02 03:36:36.
959 : 2024-06-02 03:36:39,867 : INFO : telemetry.records : 1 cache files to move.
959 : 2024-06-02 03:36:39,867 : INFO : telemetry.records : Create temp folder /tmp/tmpavpc7vql
959 : 2024-06-02 03:36:39,868 : INFO : telemetry.records : Move file /home/tanmoy/.azure/telemetry/cache to /tmp/tmpavpc7vql/cache
959 : 2024-06-02 03:36:39,868 : INFO : telemetry.records : Processed file /tmp/tmpavpc7vql/cache into 2 records.
959 : 2024-06-02 03:36:39,869 : INFO : telemetry.records : Remove directory /tmp/tmpavpc7vql
959 : 2024-06-02 03:36:39,870 : INFO : telemetry.client : Accumulated 2 events. Flush the clients.
959 : 2024-06-02 03:36:39,871 : INFO : telemetry.client : Flush client c4395b75-49cc-422c-bc95-c7d51aef5d46.
967 : 2024-06-02 03:36:40,075 : INFO : telemetry.main : Attempt start. Configuration directory [/home/tanmoy/.azure].
967 : 2024-06-02 03:36:40,081 : DEBUG : telemetry.note : acquiring lock
967 : 2024-06-02 03:36:40,082 : INFO : telemetry.main : Lock out from note file under /home/tanmoy/.azure which means another process is running. Exit 0.
959 : 2024-06-02 03:36:40,635 : INFO : telemetry.sender : Sending 8443 bytes
959 : 2024-06-02 03:36:40,635 : INFO : telemetry.sender : Finish uploading in 0.764016 seconds.
959 : 2024-06-02 03:36:40,636 : INFO : telemetry.note : Update the last send in note to 2024-06-02 03:36:39
959 : 2024-06-02 03:36:40,636 : INFO : telemetry.note : Update the note mtime to 2024-06-02 03:36:40.636295
1003 : 2024-06-02 03:36:42,222 : INFO : telemetry.main : Attempt start. Configuration directory [/home/tanmoy/.azure].
1003 : 2024-06-02 03:36:42,223 : DEBUG : telemetry.note : acquiring lock
1003 : 2024-06-02 03:36:42,223 : DEBUG : telemetry.note : acquired lock
1003 : 2024-06-02 03:36:42,223 : INFO : telemetry.note : Update the note mtime to 2024-06-02 03:36:42.223747
1003 : 2024-06-02 03:36:42,228 : INFO : telemetry.note : Read timestamp from the note. The last send was 2024-06-02 03:36:39.
1003 : 2024-06-02 03:36:42,232 : INFO : telemetry.records : 1 cache files to move.
1003 : 2024-06-02 03:36:42,232 : INFO : telemetry.records : Create temp folder /tmp/tmplf3kgjg0
1003 : 2024-06-02 03:36:42,232 : INFO : telemetry.records : Move file /home/tanmoy/.azure/telemetry/cache to /tmp/tmplf3kgjg0/cache
1003 : 2024-06-02 03:36:42,233 : INFO : telemetry.records : Processed file /tmp/tmplf3kgjg0/cache into 1 records.
1003 : 2024-06-02 03:36:42,234 : INFO : telemetry.records : Remove directory /tmp/tmplf3kgjg0
1003 : 2024-06-02 03:36:42,235 : INFO : telemetry.client : Accumulated 1 events. Flush the clients.
1003 : 2024-06-02 03:36:42,236 : INFO : telemetry.client : Flush client c4395b75-49cc-422c-bc95-c7d51aef5d46.
1003 : 2024-06-02 03:36:42,962 : INFO : telemetry.sender : Sending 4295 bytes
1003 : 2024-06-02 03:36:42,963 : INFO : telemetry.sender : Finish uploading in 0.725791 seconds.
1003 : 2024-06-02 03:36:42,963 : INFO : telemetry.note : Update the last send in note to 2024-06-02 03:36:41
1003 : 2024-06-02 03:36:42,963 : INFO : telemetry.note : Update the note mtime to 2024-06-02 03:36:42.963529
1269 : 2024-06-02 03:44:39,214 : INFO : telemetry.main : Attempt start. Configuration directory [/home/tanmoy/.azure].
1269 : 2024-06-02 03:44:39,215 : DEBUG : telemetry.note : acquiring lock
1269 : 2024-06-02 03:44:39,216 : DEBUG : telemetry.note : acquired lock
1269 : 2024-06-02 03:44:39,216 : INFO : telemetry.note : Update the note mtime to 2024-06-02 03:44:39.216369
1269 : 2024-06-02 03:44:39,220 : INFO : telemetry.note : Read timestamp from the note. The last send was 2024-06-02 03:36:41.
1269 : 2024-06-02 03:44:39,220 : INFO : telemetry.records : 1 cache files to move.
1269 : 2024-06-02 03:44:39,220 : INFO : telemetry.records : Create temp folder /tmp/tmpency8jw1
1269 : 2024-06-02 03:44:39,222 : INFO : telemetry.records : Move file /home/tanmoy/.azure/telemetry/cache to /tmp/tmpency8jw1/cache
1269 : 2024-06-02 03:44:39,222 : INFO : telemetry.records : Processed file /tmp/tmpency8jw1/cache into 1 records.
1269 : 2024-06-02 03:44:39,223 : INFO : telemetry.records : Remove directory /tmp/tmpency8jw1
1269 : 2024-06-02 03:44:39,224 : INFO : telemetry.client : Accumulated 1 events. Flush the clients.
1269 : 2024-06-02 03:44:39,225 : INFO : telemetry.client : Flush client c4395b75-49cc-422c-bc95-c7d51aef5d46.
1269 : 2024-06-02 03:44:39,948 : INFO : telemetry.sender : Sending 4170 bytes
1269 : 2024-06-02 03:44:39,948 : INFO : telemetry.sender : Finish uploading in 0.722722 seconds.
1269 : 2024-06-02 03:44:39,949 : INFO : telemetry.note : Update the last send in note to 2024-06-02 03:44:39
1269 : 2024-06-02 03:44:39,949 : INFO : telemetry.note : Update the note mtime to 2024-06-02 03:44:39.949250
1301 : 2024-06-02 03:45:12,210 : INFO : telemetry.main : Attempt start. Configuration directory [/home/tanmoy/.azure].
1301 : 2024-06-02 03:45:12,210 : DEBUG : telemetry.note : acquiring lock
1301 : 2024-06-02 03:45:12,210 : DEBUG : telemetry.note : acquired lock
1301 : 2024-06-02 03:45:12,210 : INFO : telemetry.note : Update the note mtime to 2024-06-02 03:45:12.210651
1301 : 2024-06-02 03:45:12,212 : INFO : telemetry.note : Read timestamp from the note. The last send was 2024-06-02 03:44:39.
1301 : 2024-06-02 03:45:12,213 : INFO : telemetry.records : 1 cache files to move.
1301 : 2024-06-02 03:45:12,213 : INFO : telemetry.records : Create temp folder /tmp/tmp239_xus1
1301 : 2024-06-02 03:45:12,213 : INFO : telemetry.records : Move file /home/tanmoy/.azure/telemetry/cache to /tmp/tmp239_xus1/cache
1301 : 2024-06-02 03:45:12,214 : INFO : telemetry.records : Processed file /tmp/tmp239_xus1/cache into 1 records.
1301 : 2024-06-02 03:45:12,214 : INFO : telemetry.records : Remove directory /tmp/tmp239_xus1
1301 : 2024-06-02 03:45:12,215 : INFO : telemetry.client : Accumulated 1 events. Flush the clients.
1301 : 2024-06-02 03:45:12,215 : INFO : telemetry.client : Flush client c4395b75-49cc-422c-bc95-c7d51aef5d46.
1301 : 2024-06-02 03:45:12,898 : INFO : telemetry.sender : Sending 4084 bytes
1301 : 2024-06-02 03:45:12,899 : INFO : telemetry.sender : Finish uploading in 0.683549 seconds.
1301 : 2024-06-02 03:45:12,899 : INFO : telemetry.note : Update the last send in note to 2024-06-02 03:45:11
1301 : 2024-06-02 03:45:12,899 : INFO : telemetry.note : Update the note mtime to 2024-06-02 03:45:12.899726
1355 : 2024-06-02 03:46:27,729 : INFO : telemetry.main : Attempt start. Configuration directory [/home/tanmoy/.azure].
1355 : 2024-06-02 03:46:27,730 : DEBUG : telemetry.note : acquiring lock
1355 : 2024-06-02 03:46:27,730 : DEBUG : telemetry.note : acquired lock
1355 : 2024-06-02 03:46:27,730 : INFO : telemetry.note : Update the note mtime to 2024-06-02 03:46:27.730744
1355 : 2024-06-02 03:46:27,733 : INFO : telemetry.note : Read timestamp from the note. The last send was 2024-06-02 03:45:11.
1355 : 2024-06-02 03:46:27,734 : INFO : telemetry.records : 1 cache files to move.
1355 : 2024-06-02 03:46:27,734 : INFO : telemetry.records : Create temp folder /tmp/tmpvs3v6fg_
1355 : 2024-06-02 03:46:27,735 : INFO : telemetry.records : Move file /home/tanmoy/.azure/telemetry/cache to /tmp/tmpvs3v6fg_/cache
1355 : 2024-06-02 03:46:27,735 : INFO : telemetry.records : Processed file /tmp/tmpvs3v6fg_/cache into 1 records.
1355 : 2024-06-02 03:46:27,735 : INFO : telemetry.records : Remove directory /tmp/tmpvs3v6fg_
1355 : 2024-06-02 03:46:27,736 : INFO : telemetry.client : Accumulated 1 events. Flush the clients.
1355 : 2024-06-02 03:46:27,736 : INFO : telemetry.client : Flush client c4395b75-49cc-422c-bc95-c7d51aef5d46.
1355 : 2024-06-02 03:46:37,816 : ERROR : telemetry.sender : Upload failed. OSError: <urlopen error timed out>
1355 : 2024-06-02 03:46:37,825 : INFO : telemetry.sender : Finish uploading in 10.088103 seconds.
1355 : 2024-06-02 03:46:37,826 : INFO : telemetry.note : Update the last send in note to 2024-06-02 03:46:27
1355 : 2024-06-02 03:46:37,826 : INFO : telemetry.note : Update the note mtime to 2024-06-02 03:46:37.826206
1526 : 2024-06-02 03:52:19,445 : INFO : telemetry.main : Attempt start. Configuration directory [/home/tanmoy/.azure].
1526 : 2024-06-02 03:52:19,446 : DEBUG : telemetry.note : acquiring lock
1526 : 2024-06-02 03:52:19,446 : DEBUG : telemetry.note : acquired lock
1526 : 2024-06-02 03:52:19,446 : INFO : telemetry.note : Update the note mtime to 2024-06-02 03:52:19.446510
1526 : 2024-06-02 03:52:19,450 : INFO : telemetry.note : Read timestamp from the note. The last send was 2024-06-02 03:46:27.
1526 : 2024-06-02 03:52:19,451 : INFO : telemetry.records : 1 cache files to move.
1526 : 2024-06-02 03:52:19,451 : INFO : telemetry.records : Create temp folder /tmp/tmp7a6tm75u
1526 : 2024-06-02 03:52:19,452 : INFO : telemetry.records : Move file /home/tanmoy/.azure/telemetry/cache to /tmp/tmp7a6tm75u/cache
1526 : 2024-06-02 03:52:19,452 : INFO : telemetry.records : Processed file /tmp/tmp7a6tm75u/cache into 1 records.
1526 : 2024-06-02 03:52:19,453 : INFO : telemetry.records : Remove directory /tmp/tmp7a6tm75u
1526 : 2024-06-02 03:52:19,454 : INFO : telemetry.client : Accumulated 1 events. Flush the clients.
1526 : 2024-06-02 03:52:19,454 : INFO : telemetry.client : Flush client c4395b75-49cc-422c-bc95-c7d51aef5d46.
1526 : 2024-06-02 03:52:20,175 : INFO : telemetry.sender : Sending 4424 bytes
1526 : 2024-06-02 03:52:20,176 : INFO : telemetry.sender : Finish uploading in 0.721304 seconds.
1526 : 2024-06-02 03:52:20,176 : INFO : telemetry.note : Update the last send in note to 2024-06-02 03:52:19
1526 : 2024-06-02 03:52:20,177 : INFO : telemetry.note : Update the note mtime to 2024-06-02 03:52:20.177064
1582 : 2024-06-02 03:53:23,087 : INFO : telemetry.main : Attempt start. Configuration directory [/home/tanmoy/.azure].
1582 : 2024-06-02 03:53:23,088 : DEBUG : telemetry.note : acquiring lock
1582 : 2024-06-02 03:53:23,088 : DEBUG : telemetry.note : acquired lock
1582 : 2024-06-02 03:53:23,088 : INFO : telemetry.note : Update the note mtime to 2024-06-02 03:53:23.088854
1582 : 2024-06-02 03:53:23,092 : INFO : telemetry.note : Read timestamp from the note. The last send was 2024-06-02 03:52:19.
1582 : 2024-06-02 03:53:23,092 : INFO : telemetry.records : 1 cache files to move.
1582 : 2024-06-02 03:53:23,093 : INFO : telemetry.records : Create temp folder /tmp/tmpga4nijs3
1582 : 2024-06-02 03:53:23,094 : INFO : telemetry.records : Move file /home/tanmoy/.azure/telemetry/cache to /tmp/tmpga4nijs3/cache
1582 : 2024-06-02 03:53:23,094 : INFO : telemetry.records : Processed file /tmp/tmpga4nijs3/cache into 1 records.
1582 : 2024-06-02 03:53:23,094 : INFO : telemetry.records : Remove directory /tmp/tmpga4nijs3
1582 : 2024-06-02 03:53:23,095 : INFO : telemetry.client : Accumulated 1 events. Flush the clients.
1582 : 2024-06-02 03:53:23,095 : INFO : telemetry.client : Flush client c4395b75-49cc-422c-bc95-c7d51aef5d46.
1582 : 2024-06-02 03:53:23,796 : INFO : telemetry.sender : Sending 4302 bytes
1582 : 2024-06-02 03:53:23,797 : INFO : telemetry.sender : Finish uploading in 0.700913 seconds.
1582 : 2024-06-02 03:53:23,797 : INFO : telemetry.note : Update the last send in note to 2024-06-02 03:53:22
1582 : 2024-06-02 03:53:23,797 : INFO : telemetry.note : Update the note mtime to 2024-06-02 03:53:23.797704
1838 : 2024-06-02 03:59:42,435 : INFO : telemetry.main : Attempt start. Configuration directory [/home/tanmoy/.azure].
1838 : 2024-06-02 03:59:42,436 : DEBUG : telemetry.note : acquiring lock
1838 : 2024-06-02 03:59:42,436 : DEBUG : telemetry.note : acquired lock
1838 : 2024-06-02 03:59:42,437 : INFO : telemetry.note : Update the note mtime to 2024-06-02 03:59:42.436999
1838 : 2024-06-02 03:59:42,441 : INFO : telemetry.note : Read timestamp from the note. The last send was 2024-06-02 03:53:22.
1838 : 2024-06-02 03:59:42,442 : INFO : telemetry.records : 1 cache files to move.
1838 : 2024-06-02 03:59:42,442 : INFO : telemetry.records : Create temp folder /tmp/tmplrg3o5do
1838 : 2024-06-02 03:59:42,443 : INFO : telemetry.records : Move file /home/tanmoy/.azure/telemetry/cache to /tmp/tmplrg3o5do/cache
1838 : 2024-06-02 03:59:42,444 : INFO : telemetry.records : Processed file /tmp/tmplrg3o5do/cache into 1 records.
1838 : 2024-06-02 03:59:42,444 : INFO : telemetry.records : Remove directory /tmp/tmplrg3o5do
1838 : 2024-06-02 03:59:42,445 : INFO : telemetry.client : Accumulated 1 events. Flush the clients.
1838 : 2024-06-02 03:59:42,446 : INFO : telemetry.client : Flush client c4395b75-49cc-422c-bc95-c7d51aef5d46.
1838 : 2024-06-02 03:59:43,155 : INFO : telemetry.sender : Sending 4170 bytes
1838 : 2024-06-02 03:59:43,155 : INFO : telemetry.sender : Finish uploading in 0.708627 seconds.
1838 : 2024-06-02 03:59:43,156 : INFO : telemetry.note : Update the last send in note to 2024-06-02 03:59:42
1838 : 2024-06-02 03:59:43,156 : INFO : telemetry.note : Update the note mtime to 2024-06-02 03:59:43.156811
7317 : 2024-06-02 05:11:23,706 : INFO : telemetry.main : Attempt start. Configuration directory [/home/tanmoy/.azure].
7317 : 2024-06-02 05:11:23,711 : DEBUG : telemetry.note : acquiring lock
7317 : 2024-06-02 05:11:23,711 : DEBUG : telemetry.note : acquired lock
7317 : 2024-06-02 05:11:23,711 : INFO : telemetry.note : Update the note mtime to 2024-06-02 05:11:23.711568
7317 : 2024-06-02 05:11:23,720 : INFO : telemetry.note : Read timestamp from the note. The last send was 2024-06-02 03:59:42.
7317 : 2024-06-02 05:11:23,721 : INFO : telemetry.records : 1 cache files to move.
7317 : 2024-06-02 05:11:23,721 : INFO : telemetry.records : Create temp folder /tmp/tmpeqa4tw_o
7317 : 2024-06-02 05:11:23,722 : INFO : telemetry.records : Move file /home/tanmoy/.azure/telemetry/cache to /tmp/tmpeqa4tw_o/cache
7317 : 2024-06-02 05:11:23,723 : INFO : telemetry.records : Processed file /tmp/tmpeqa4tw_o/cache into 1 records.
7317 : 2024-06-02 05:11:23,723 : INFO : telemetry.records : Remove directory /tmp/tmpeqa4tw_o
7317 : 2024-06-02 05:11:23,724 : INFO : telemetry.client : Accumulated 1 events. Flush the clients.
7317 : 2024-06-02 05:11:23,724 : INFO : telemetry.client : Flush client c4395b75-49cc-422c-bc95-c7d51aef5d46.
7317 : 2024-06-02 05:11:24,448 : INFO : telemetry.sender : Sending 4263 bytes
7317 : 2024-06-02 05:11:24,449 : INFO : telemetry.sender : Finish uploading in 0.723990 seconds.
7317 : 2024-06-02 05:11:24,450 : INFO : telemetry.note : Update the last send in note to 2024-06-02 05:11:23
7317 : 2024-06-02 05:11:24,450 : INFO : telemetry.note : Update the note mtime to 2024-06-02 05:11:24.450390
7342 : 2024-06-02 05:11:24,867 : INFO : telemetry.main : Attempt start. Configuration directory [/home/tanmoy/.azure].
7342 : 2024-06-02 05:11:24,868 : DEBUG : telemetry.note : acquiring lock
7342 : 2024-06-02 05:11:24,868 : DEBUG : telemetry.note : acquired lock
7342 : 2024-06-02 05:11:24,868 : INFO : telemetry.note : Update the note mtime to 2024-06-02 05:11:24.868504
7342 : 2024-06-02 05:11:24,870 : INFO : telemetry.note : Read timestamp from the note. The last send was 2024-06-02 05:11:23.
7342 : 2024-06-02 05:11:24,871 : INFO : telemetry.records : 1 cache files to move.
7342 : 2024-06-02 05:11:24,871 : INFO : telemetry.records : Create temp folder /tmp/tmp657utt20
7342 : 2024-06-02 05:11:24,871 : INFO : telemetry.records : Move file /home/tanmoy/.azure/telemetry/cache to /tmp/tmp657utt20/cache
7342 : 2024-06-02 05:11:24,871 : INFO : telemetry.records : Processed file /tmp/tmp657utt20/cache into 1 records.
7342 : 2024-06-02 05:11:24,872 : INFO : telemetry.records : Remove directory /tmp/tmp657utt20
7342 : 2024-06-02 05:11:24,872 : INFO : telemetry.client : Accumulated 1 events. Flush the clients.
7342 : 2024-06-02 05:11:24,872 : INFO : telemetry.client : Flush client c4395b75-49cc-422c-bc95-c7d51aef5d46.
7350 : 2024-06-02 05:11:25,268 : INFO : telemetry.main : Attempt start. Configuration directory [/home/tanmoy/.azure].
7350 : 2024-06-02 05:11:25,269 : DEBUG : telemetry.note : acquiring lock
7350 : 2024-06-02 05:11:25,273 : INFO : telemetry.main : Lock out from note file under /home/tanmoy/.azure which means another process is running. Exit 0.
7342 : 2024-06-02 05:11:25,550 : INFO : telemetry.sender : Sending 4180 bytes
7342 : 2024-06-02 05:11:25,550 : INFO : telemetry.sender : Finish uploading in 0.677503 seconds.
7342 : 2024-06-02 05:11:25,551 : INFO : telemetry.note : Update the last send in note to 2024-06-02 05:11:24
7342 : 2024-06-02 05:11:25,551 : INFO : telemetry.note : Update the note mtime to 2024-06-02 05:11:25.551667
7387 : 2024-06-02 05:11:26,970 : INFO : telemetry.main : Attempt start. Configuration directory [/home/tanmoy/.azure].
7387 : 2024-06-02 05:11:26,971 : DEBUG : telemetry.note : acquiring lock
7387 : 2024-06-02 05:11:26,971 : DEBUG : telemetry.note : acquired lock
7387 : 2024-06-02 05:11:26,971 : INFO : telemetry.note : Update the note mtime to 2024-06-02 05:11:26.971588
7387 : 2024-06-02 05:11:26,974 : INFO : telemetry.note : Read timestamp from the note. The last send was 2024-06-02 05:11:24.
7387 : 2024-06-02 05:11:26,975 : INFO : telemetry.records : 1 cache files to move.
7387 : 2024-06-02 05:11:26,975 : INFO : telemetry.records : Create temp folder /tmp/tmpfwpelify
7387 : 2024-06-02 05:11:26,975 : INFO : telemetry.records : Move file /home/tanmoy/.azure/telemetry/cache to /tmp/tmpfwpelify/cache
7387 : 2024-06-02 05:11:26,976 : INFO : telemetry.records : Processed file /tmp/tmpfwpelify/cache into 2 records.
7387 : 2024-06-02 05:11:26,976 : INFO : telemetry.records : Remove directory /tmp/tmpfwpelify
7387 : 2024-06-02 05:11:26,977 : INFO : telemetry.client : Accumulated 2 events. Flush the clients.
7387 : 2024-06-02 05:11:26,978 : INFO : telemetry.client : Flush client c4395b75-49cc-422c-bc95-c7d51aef5d46.
7387 : 2024-06-02 05:11:27,688 : INFO : telemetry.sender : Sending 8558 bytes
7387 : 2024-06-02 05:11:27,689 : INFO : telemetry.sender : Finish uploading in 0.710639 seconds.
7387 : 2024-06-02 05:11:27,689 : INFO : telemetry.note : Update the last send in note to 2024-06-02 05:11:26
7387 : 2024-06-02 05:11:27,689 : INFO : telemetry.note : Update the note mtime to 2024-06-02 05:11:27.689901
7690 : 2024-06-02 05:18:39,100 : INFO : telemetry.main : Attempt start. Configuration directory [/home/tanmoy/.azure].
7690 : 2024-06-02 05:18:39,101 : DEBUG : telemetry.note : acquiring lock
7690 : 2024-06-02 05:18:39,101 : DEBUG : telemetry.note : acquired lock
7690 : 2024-06-02 05:18:39,101 : INFO : telemetry.note : Update the note mtime to 2024-06-02 05:18:39.101385
7690 : 2024-06-02 05:18:39,105 : INFO : telemetry.note : Read timestamp from the note. The last send was 2024-06-02 05:11:26.
7690 : 2024-06-02 05:18:39,106 : INFO : telemetry.records : 1 cache files to move.
7690 : 2024-06-02 05:18:39,106 : INFO : telemetry.records : Create temp folder /tmp/tmpcz0bkyck
7690 : 2024-06-02 05:18:39,107 : INFO : telemetry.records : Move file /home/tanmoy/.azure/telemetry/cache to /tmp/tmpcz0bkyck/cache
7690 : 2024-06-02 05:18:39,107 : INFO : telemetry.records : Processed file /tmp/tmpcz0bkyck/cache into 1 records.
7690 : 2024-06-02 05:18:39,108 : INFO : telemetry.records : Remove directory /tmp/tmpcz0bkyck
7690 : 2024-06-02 05:18:39,109 : INFO : telemetry.client : Accumulated 1 events. Flush the clients.
7690 : 2024-06-02 05:18:39,109 : INFO : telemetry.client : Flush client c4395b75-49cc-422c-bc95-c7d51aef5d46.
7690 : 2024-06-02 05:18:39,822 : INFO : telemetry.sender : Sending 4171 bytes
7690 : 2024-06-02 05:18:39,823 : INFO : telemetry.sender : Finish uploading in 0.713340 seconds.
7690 : 2024-06-02 05:18:39,823 : INFO : telemetry.note : Update the last send in note to 2024-06-02 05:18:38
7690 : 2024-06-02 05:18:39,823 : INFO : telemetry.note : Update the note mtime to 2024-06-02 05:18:39.823798
789 : 2024-06-02 16:31:25,129 : INFO : telemetry.main : Attempt start. Configuration directory [/home/tanmoy/.azure].
789 : 2024-06-02 16:31:25,133 : DEBUG : telemetry.note : acquiring lock
789 : 2024-06-02 16:31:25,133 : DEBUG : telemetry.note : acquired lock
789 : 2024-06-02 16:31:25,133 : INFO : telemetry.note : Update the note mtime to 2024-06-02 16:31:25.133896
789 : 2024-06-02 16:31:25,148 : INFO : telemetry.note : Read timestamp from the note. The last send was 2024-06-02 05:18:38.
789 : 2024-06-02 16:31:25,148 : INFO : telemetry.records : 1 cache files to move.
789 : 2024-06-02 16:31:25,148 : INFO : telemetry.records : Create temp folder /tmp/tmpq84wbvwb
789 : 2024-06-02 16:31:25,149 : INFO : telemetry.records : Move file /home/tanmoy/.azure/telemetry/cache to /tmp/tmpq84wbvwb/cache
789 : 2024-06-02 16:31:25,149 : INFO : telemetry.records : Processed file /tmp/tmpq84wbvwb/cache into 1 records.
789 : 2024-06-02 16:31:25,149 : INFO : telemetry.records : Remove directory /tmp/tmpq84wbvwb
789 : 2024-06-02 16:31:25,150 : INFO : telemetry.client : Accumulated 1 events. Flush the clients.
789 : 2024-06-02 16:31:25,150 : INFO : telemetry.client : Flush client c4395b75-49cc-422c-bc95-c7d51aef5d46.
789 : 2024-06-02 16:31:25,976 : INFO : telemetry.sender : Sending 4263 bytes
789 : 2024-06-02 16:31:25,976 : INFO : telemetry.sender : Finish uploading in 0.825436 seconds.
789 : 2024-06-02 16:31:25,977 : INFO : telemetry.note : Update the last send in note to 2024-06-02 16:31:24
789 : 2024-06-02 16:31:25,977 : INFO : telemetry.note : Update the note mtime to 2024-06-02 16:31:25.977342
829 : 2024-06-02 16:31:26,145 : INFO : telemetry.main : Attempt start. Configuration directory [/home/tanmoy/.azure].
829 : 2024-06-02 16:31:26,145 : DEBUG : telemetry.note : acquiring lock
829 : 2024-06-02 16:31:26,146 : DEBUG : telemetry.note : acquired lock
829 : 2024-06-02 16:31:26,146 : INFO : telemetry.note : Update the note mtime to 2024-06-02 16:31:26.146222
829 : 2024-06-02 16:31:26,149 : INFO : telemetry.note : Read timestamp from the note. The last send was 2024-06-02 16:31:24.
829 : 2024-06-02 16:31:26,149 : INFO : telemetry.records : 1 cache files to move.
829 : 2024-06-02 16:31:26,149 : INFO : telemetry.records : Create temp folder /tmp/tmp3n4j8bqx
829 : 2024-06-02 16:31:26,150 : INFO : telemetry.records : Move file /home/tanmoy/.azure/telemetry/cache to /tmp/tmp3n4j8bqx/cache
829 : 2024-06-02 16:31:26,150 : INFO : telemetry.records : Processed file /tmp/tmp3n4j8bqx/cache into 1 records.
829 : 2024-06-02 16:31:26,150 : INFO : telemetry.records : Remove directory /tmp/tmp3n4j8bqx
829 : 2024-06-02 16:31:26,151 : INFO : telemetry.client : Accumulated 1 events. Flush the clients.
829 : 2024-06-02 16:31:26,151 : INFO : telemetry.client : Flush client c4395b75-49cc-422c-bc95-c7d51aef5d46.
846 : 2024-06-02 16:31:26,611 : INFO : telemetry.main : Attempt start. Configuration directory [/home/tanmoy/.azure].
846 : 2024-06-02 16:31:26,611 : DEBUG : telemetry.note : acquiring lock
846 : 2024-06-02 16:31:26,611 : INFO : telemetry.main : Lock out from note file under /home/tanmoy/.azure which means another process is running. Exit 0.
829 : 2024-06-02 16:31:26,825 : INFO : telemetry.sender : Sending 4180 bytes
829 : 2024-06-02 16:31:26,825 : INFO : telemetry.sender : Finish uploading in 0.673949 seconds.
829 : 2024-06-02 16:31:26,826 : INFO : telemetry.note : Update the last send in note to 2024-06-02 16:31:26
829 : 2024-06-02 16:31:26,826 : INFO : telemetry.note : Update the note mtime to 2024-06-02 16:31:26.826290
863 : 2024-06-02 16:31:27,568 : INFO : telemetry.main : Attempt start. Configuration directory [/home/tanmoy/.azure].
863 : 2024-06-02 16:31:27,568 : DEBUG : telemetry.note : acquiring lock
863 : 2024-06-02 16:31:27,568 : DEBUG : telemetry.note : acquired lock
863 : 2024-06-02 16:31:27,569 : INFO : telemetry.note : Update the note mtime to 2024-06-02 16:31:27.569044
863 : 2024-06-02 16:31:27,571 : INFO : telemetry.note : Read timestamp from the note. The last send was 2024-06-02 16:31:26.
863 : 2024-06-02 16:31:27,571 : INFO : telemetry.records : 1 cache files to move.
863 : 2024-06-02 16:31:27,571 : INFO : telemetry.records : Create temp folder /tmp/tmplvvwu83p
863 : 2024-06-02 16:31:27,571 : INFO : telemetry.records : Move file /home/tanmoy/.azure/telemetry/cache to /tmp/tmplvvwu83p/cache
863 : 2024-06-02 16:31:27,572 : INFO : telemetry.records : Processed file /tmp/tmplvvwu83p/cache into 1 records.
863 : 2024-06-02 16:31:27,572 : INFO : telemetry.records : Remove directory /tmp/tmplvvwu83p
863 : 2024-06-02 16:31:27,572 : INFO : telemetry.client : Accumulated 1 events. Flush the clients.
863 : 2024-06-02 16:31:27,573 : INFO : telemetry.client : Flush client c4395b75-49cc-422c-bc95-c7d51aef5d46.
863 : 2024-06-02 16:31:28,239 : INFO : telemetry.sender : Sending 4295 bytes
863 : 2024-06-02 16:31:28,239 : INFO : telemetry.sender : Finish uploading in 0.666638 seconds.
863 : 2024-06-02 16:31:28,240 : INFO : telemetry.note : Update the last send in note to 2024-06-02 16:31:27
863 : 2024-06-02 16:31:28,240 : INFO : telemetry.note : Update the note mtime to 2024-06-02 16:31:28.240171
1509 : 2024-06-02 16:52:58,881 : INFO : telemetry.main : Attempt start. Configuration directory [/home/tanmoy/.azure].
1509 : 2024-06-02 16:52:58,881 : DEBUG : telemetry.note : acquiring lock
1509 : 2024-06-02 16:52:58,881 : DEBUG : telemetry.note : acquired lock
1509 : 2024-06-02 16:52:58,882 : INFO : telemetry.note : Update the note mtime to 2024-06-02 16:52:58.882020
1509 : 2024-06-02 16:52:58,883 : INFO : telemetry.note : Read timestamp from the note. The last send was 2024-06-02 16:31:27.
1509 : 2024-06-02 16:52:58,884 : INFO : telemetry.records : 1 cache files to move.
1509 : 2024-06-02 16:52:58,884 : INFO : telemetry.records : Create temp folder /tmp/tmpcrs13xcz
1509 : 2024-06-02 16:52:58,884 : INFO : telemetry.records : Move file /home/tanmoy/.azure/telemetry/cache to /tmp/tmpcrs13xcz/cache
1509 : 2024-06-02 16:52:58,884 : INFO : telemetry.records : Processed file /tmp/tmpcrs13xcz/cache into 1 records.
1509 : 2024-06-02 16:52:58,885 : INFO : telemetry.records : Remove directory /tmp/tmpcrs13xcz
1509 : 2024-06-02 16:52:58,885 : INFO : telemetry.client : Accumulated 1 events. Flush the clients.
1509 : 2024-06-02 16:52:58,885 : INFO : telemetry.client : Flush client c4395b75-49cc-422c-bc95-c7d51aef5d46.
1509 : 2024-06-02 16:52:59,553 : INFO : telemetry.sender : Sending 4170 bytes
1509 : 2024-06-02 16:52:59,554 : INFO : telemetry.sender : Finish uploading in 0.668117 seconds.
1509 : 2024-06-02 16:52:59,554 : INFO : telemetry.note : Update the last send in note to 2024-06-02 16:52:58
1509 : 2024-06-02 16:52:59,554 : INFO : telemetry.note : Update the note mtime to 2024-06-02 16:52:59.554390
4736 : 2024-06-02 18:51:22,368 : INFO : telemetry.main : Attempt start. Configuration directory [/home/tanmoy/.azure].
4736 : 2024-06-02 18:51:22,369 : DEBUG : telemetry.note : acquiring lock
4736 : 2024-06-02 18:51:22,369 : DEBUG : telemetry.note : acquired lock
4736 : 2024-06-02 18:51:22,369 : INFO : telemetry.note : Update the note mtime to 2024-06-02 18:51:22.369729
4736 : 2024-06-02 18:51:22,372 : INFO : telemetry.note : Read timestamp from the note. The last send was 2024-06-02 16:52:58.
4736 : 2024-06-02 18:51:22,373 : INFO : telemetry.records : 1 cache files to move.
4736 : 2024-06-02 18:51:22,373 : INFO : telemetry.records : Create temp folder /tmp/tmp2skxgweg
4736 : 2024-06-02 18:51:22,373 : INFO : telemetry.records : Move file /home/tanmoy/.azure/telemetry/cache to /tmp/tmp2skxgweg/cache
4736 : 2024-06-02 18:51:22,373 : INFO : telemetry.records : Processed file /tmp/tmp2skxgweg/cache into 1 records.
4736 : 2024-06-02 18:51:22,373 : INFO : telemetry.records : Remove directory /tmp/tmp2skxgweg
4736 : 2024-06-02 18:51:22,374 : INFO : telemetry.client : Accumulated 1 events. Flush the clients.
4736 : 2024-06-02 18:51:22,374 : INFO : telemetry.client : Flush client c4395b75-49cc-422c-bc95-c7d51aef5d46.
4736 : 2024-06-02 18:51:23,031 : INFO : telemetry.sender : Sending 4387 bytes
4736 : 2024-06-02 18:51:23,031 : INFO : telemetry.sender : Finish uploading in 0.657326 seconds.
4736 : 2024-06-02 18:51:23,032 : INFO : telemetry.note : Update the last send in note to 2024-06-02 18:51:22
4736 : 2024-06-02 18:51:23,032 : INFO : telemetry.note : Update the note mtime to 2024-06-02 18:51:23.032135
732 : 2024-06-03 07:16:02,865 : INFO : telemetry.main : Attempt start. Configuration directory [/home/tanmoy/.azure].
732 : 2024-06-03 07:16:02,889 : DEBUG : telemetry.note : acquiring lock
732 : 2024-06-03 07:16:02,889 : DEBUG : telemetry.note : acquired lock
732 : 2024-06-03 07:16:02,889 : INFO : telemetry.note : Update the note mtime to 2024-06-03 07:16:02.889778
732 : 2024-06-03 07:16:02,897 : INFO : telemetry.note : Read timestamp from the note. The last send was 2024-06-02 18:51:22.
732 : 2024-06-03 07:16:02,900 : INFO : telemetry.records : 1 cache files to move.
732 : 2024-06-03 07:16:02,900 : INFO : telemetry.records : Create temp folder /tmp/tmpqmpgcdoj
732 : 2024-06-03 07:16:02,901 : INFO : telemetry.records : Move file /home/tanmoy/.azure/telemetry/cache to /tmp/tmpqmpgcdoj/cache
732 : 2024-06-03 07:16:02,902 : INFO : telemetry.records : Processed file /tmp/tmpqmpgcdoj/cache into 1 records.
732 : 2024-06-03 07:16:02,902 : INFO : telemetry.records : Remove directory /tmp/tmpqmpgcdoj
732 : 2024-06-03 07:16:02,903 : INFO : telemetry.client : Accumulated 1 events. Flush the clients.
732 : 2024-06-03 07:16:02,904 : INFO : telemetry.client : Flush client c4395b75-49cc-422c-bc95-c7d51aef5d46.
732 : 2024-06-03 07:16:03,642 : INFO : telemetry.sender : Sending 4263 bytes
732 : 2024-06-03 07:16:03,643 : INFO : telemetry.sender : Finish uploading in 0.738399 seconds.
732 : 2024-06-03 07:16:03,643 : INFO : telemetry.note : Update the last send in note to 2024-06-03 07:16:02
732 : 2024-06-03 07:16:03,643 : INFO : telemetry.note : Update the note mtime to 2024-06-03 07:16:03.643806
756 : 2024-06-03 07:16:04,011 : INFO : telemetry.main : Attempt start. Configuration directory [/home/tanmoy/.azure].
756 : 2024-06-03 07:16:04,011 : DEBUG : telemetry.note : acquiring lock
756 : 2024-06-03 07:16:04,011 : DEBUG : telemetry.note : acquired lock
756 : 2024-06-03 07:16:04,012 : INFO : telemetry.note : Update the note mtime to 2024-06-03 07:16:04.012000
756 : 2024-06-03 07:16:04,014 : INFO : telemetry.note : Read timestamp from the note. The last send was 2024-06-03 07:16:02.
756 : 2024-06-03 07:16:04,014 : INFO : telemetry.records : 1 cache files to move.
756 : 2024-06-03 07:16:04,015 : INFO : telemetry.records : Create temp folder /tmp/tmpobosrivd
756 : 2024-06-03 07:16:04,015 : INFO : telemetry.records : Move file /home/tanmoy/.azure/telemetry/cache to /tmp/tmpobosrivd/cache
756 : 2024-06-03 07:16:04,015 : INFO : telemetry.records : Processed file /tmp/tmpobosrivd/cache into 2 records.
756 : 2024-06-03 07:16:04,016 : INFO : telemetry.records : Remove directory /tmp/tmpobosrivd
756 : 2024-06-03 07:16:04,017 : INFO : telemetry.client : Accumulated 2 events. Flush the clients.
756 : 2024-06-03 07:16:04,017 : INFO : telemetry.client : Flush client c4395b75-49cc-422c-bc95-c7d51aef5d46.
765 : 2024-06-03 07:16:04,217 : INFO : telemetry.main : Attempt start. Configuration directory [/home/tanmoy/.azure].
765 : 2024-06-03 07:16:04,218 : DEBUG : telemetry.note : acquiring lock
765 : 2024-06-03 07:16:04,220 : INFO : telemetry.main : Lock out from note file under /home/tanmoy/.azure which means another process is running. Exit 0.
756 : 2024-06-03 07:16:04,700 : INFO : telemetry.sender : Sending 8443 bytes
756 : 2024-06-03 07:16:04,700 : INFO : telemetry.sender : Finish uploading in 0.682597 seconds.
756 : 2024-06-03 07:16:04,700 : INFO : telemetry.note : Update the last send in note to 2024-06-03 07:16:03
756 : 2024-06-03 07:16:04,701 : INFO : telemetry.note : Update the note mtime to 2024-06-03 07:16:04.701077
802 : 2024-06-03 07:16:05,939 : INFO : telemetry.main : Attempt start. Configuration directory [/home/tanmoy/.azure].
802 : 2024-06-03 07:16:05,940 : DEBUG : telemetry.note : acquiring lock
802 : 2024-06-03 07:16:05,940 : DEBUG : telemetry.note : acquired lock
802 : 2024-06-03 07:16:05,940 : INFO : telemetry.note : Update the note mtime to 2024-06-03 07:16:05.940618
802 : 2024-06-03 07:16:05,944 : INFO : telemetry.note : Read timestamp from the note. The last send was 2024-06-03 07:16:03.
802 : 2024-06-03 07:16:05,945 : INFO : telemetry.records : 1 cache files to move.
802 : 2024-06-03 07:16:05,945 : INFO : telemetry.records : Create temp folder /tmp/tmp0itob5vf
802 : 2024-06-03 07:16:05,946 : INFO : telemetry.records : Move file /home/tanmoy/.azure/telemetry/cache to /tmp/tmp0itob5vf/cache
802 : 2024-06-03 07:16:05,946 : INFO : telemetry.records : Processed file /tmp/tmp0itob5vf/cache into 1 records.
802 : 2024-06-03 07:16:05,947 : INFO : telemetry.records : Remove directory /tmp/tmp0itob5vf
802 : 2024-06-03 07:16:05,948 : INFO : telemetry.client : Accumulated 1 events. Flush the clients.
802 : 2024-06-03 07:16:05,948 : INFO : telemetry.client : Flush client c4395b75-49cc-422c-bc95-c7d51aef5d46.
802 : 2024-06-03 07:16:06,649 : INFO : telemetry.sender : Sending 4295 bytes
802 : 2024-06-03 07:16:06,649 : INFO : telemetry.sender : Finish uploading in 0.700221 seconds.
802 : 2024-06-03 07:16:06,650 : INFO : telemetry.note : Update the last send in note to 2024-06-03 07:16:05
802 : 2024-06-03 07:16:06,650 : INFO : telemetry.note : Update the note mtime to 2024-06-03 07:16:06.650283
943 : 2024-06-03 07:17:54,981 : INFO : telemetry.main : Attempt start. Configuration directory [/home/tanmoy/.azure].
943 : 2024-06-03 07:17:54,981 : DEBUG : telemetry.note : acquiring lock
943 : 2024-06-03 07:17:54,981 : DEBUG : telemetry.note : acquired lock
943 : 2024-06-03 07:17:54,982 : INFO : telemetry.note : Update the note mtime to 2024-06-03 07:17:54.982119
943 : 2024-06-03 07:17:54,985 : INFO : telemetry.note : Read timestamp from the note. The last send was 2024-06-03 07:16:05.
943 : 2024-06-03 07:17:54,985 : INFO : telemetry.records : 1 cache files to move.
943 : 2024-06-03 07:17:54,986 : INFO : telemetry.records : Create temp folder /tmp/tmpgj_ack_j
943 : 2024-06-03 07:17:54,986 : INFO : telemetry.records : Move file /home/tanmoy/.azure/telemetry/cache to /tmp/tmpgj_ack_j/cache
943 : 2024-06-03 07:17:54,987 : INFO : telemetry.records : Processed file /tmp/tmpgj_ack_j/cache into 1 records.
943 : 2024-06-03 07:17:54,987 : INFO : telemetry.records : Remove directory /tmp/tmpgj_ack_j
943 : 2024-06-03 07:17:54,988 : INFO : telemetry.client : Accumulated 1 events. Flush the clients.
943 : 2024-06-03 07:17:54,989 : INFO : telemetry.client : Flush client c4395b75-49cc-422c-bc95-c7d51aef5d46.
943 : 2024-06-03 07:17:55,706 : INFO : telemetry.sender : Sending 4171 bytes
943 : 2024-06-03 07:17:55,706 : INFO : telemetry.sender : Finish uploading in 0.717087 seconds.
943 : 2024-06-03 07:17:55,707 : INFO : telemetry.note : Update the last send in note to 2024-06-03 07:17:54
943 : 2024-06-03 07:17:55,707 : INFO : telemetry.note : Update the note mtime to 2024-06-03 07:17:55.707598
470 : 2024-06-03 07:22:37,659 : INFO : telemetry.main : Attempt start. Configuration directory [/home/tanmoy/.azure].
470 : 2024-06-03 07:22:37,669 : DEBUG : telemetry.note : acquiring lock
470 : 2024-06-03 07:22:37,669 : DEBUG : telemetry.note : acquired lock
470 : 2024-06-03 07:22:37,670 : INFO : telemetry.note : Update the note mtime to 2024-06-03 07:22:37.670004
470 : 2024-06-03 07:22:37,678 : INFO : telemetry.note : Read timestamp from the note. The last send was 2024-06-03 07:17:54.
470 : 2024-06-03 07:22:37,679 : INFO : telemetry.records : 1 cache files to move.
470 : 2024-06-03 07:22:37,679 : INFO : telemetry.records : Create temp folder /tmp/tmpj6d_n1fe
470 : 2024-06-03 07:22:37,679 : INFO : telemetry.records : Move file /home/tanmoy/.azure/telemetry/cache to /tmp/tmpj6d_n1fe/cache
470 : 2024-06-03 07:22:37,679 : INFO : telemetry.records : Processed file /tmp/tmpj6d_n1fe/cache into 1 records.
470 : 2024-06-03 07:22:37,679 : INFO : telemetry.records : Remove directory /tmp/tmpj6d_n1fe
470 : 2024-06-03 07:22:37,680 : INFO : telemetry.client : Accumulated 1 events. Flush the clients.
470 : 2024-06-03 07:22:37,681 : INFO : telemetry.client : Flush client c4395b75-49cc-422c-bc95-c7d51aef5d46.
470 : 2024-06-03 07:22:38,392 : INFO : telemetry.sender : Sending 4263 bytes
470 : 2024-06-03 07:22:38,393 : INFO : telemetry.sender : Finish uploading in 0.711903 seconds.
470 : 2024-06-03 07:22:38,393 : INFO : telemetry.note : Update the last send in note to 2024-06-03 07:22:37
470 : 2024-06-03 07:22:38,393 : INFO : telemetry.note : Update the note mtime to 2024-06-03 07:22:38.393689
494 : 2024-06-03 07:22:38,479 : INFO : telemetry.main : Attempt start. Configuration directory [/home/tanmoy/.azure].
494 : 2024-06-03 07:22:38,479 : DEBUG : telemetry.note : acquiring lock
494 : 2024-06-03 07:22:38,479 : DEBUG : telemetry.note : acquired lock
494 : 2024-06-03 07:22:38,479 : INFO : telemetry.note : Update the note mtime to 2024-06-03 07:22:38.479915
494 : 2024-06-03 07:22:38,481 : INFO : telemetry.note : Read timestamp from the note. The last send was 2024-06-03 07:22:37.
494 : 2024-06-03 07:22:38,486 : INFO : telemetry.records : 1 cache files to move.
494 : 2024-06-03 07:22:38,486 : INFO : telemetry.records : Create temp folder /tmp/tmpndtt80ur
494 : 2024-06-03 07:22:38,487 : INFO : telemetry.records : Move file /home/tanmoy/.azure/telemetry/cache to /tmp/tmpndtt80ur/cache
494 : 2024-06-03 07:22:38,487 : INFO : telemetry.records : Processed file /tmp/tmpndtt80ur/cache into 1 records.
494 : 2024-06-03 07:22:38,487 : INFO : telemetry.records : Remove directory /tmp/tmpndtt80ur
494 : 2024-06-03 07:22:38,487 : INFO : telemetry.client : Accumulated 1 events. Flush the clients.
494 : 2024-06-03 07:22:38,488 : INFO : telemetry.client : Flush client c4395b75-49cc-422c-bc95-c7d51aef5d46.
494 : 2024-06-03 07:22:39,250 : INFO : telemetry.sender : Sending 4180 bytes
494 : 2024-06-03 07:22:39,251 : INFO : telemetry.sender : Finish uploading in 0.762868 seconds.
494 : 2024-06-03 07:22:39,251 : INFO : telemetry.note : Update the last send in note to 2024-06-03 07:22:38
494 : 2024-06-03 07:22:39,251 : INFO : telemetry.note : Update the note mtime to 2024-06-03 07:22:39.251399
522 : 2024-06-03 07:22:39,320 : INFO : telemetry.main : Attempt start. Configuration directory [/home/tanmoy/.azure].
522 : 2024-06-03 07:22:39,320 : DEBUG : telemetry.note : acquiring lock
522 : 2024-06-03 07:22:39,321 : DEBUG : telemetry.note : acquired lock
522 : 2024-06-03 07:22:39,321 : INFO : telemetry.note : Update the note mtime to 2024-06-03 07:22:39.321206
522 : 2024-06-03 07:22:39,331 : INFO : telemetry.note : Read timestamp from the note. The last send was 2024-06-03 07:22:38.
522 : 2024-06-03 07:22:39,332 : INFO : telemetry.records : 1 cache files to move.
522 : 2024-06-03 07:22:39,332 : INFO : telemetry.records : Create temp folder /tmp/tmpn0yb8bcj
522 : 2024-06-03 07:22:39,332 : INFO : telemetry.records : Move file /home/tanmoy/.azure/telemetry/cache to /tmp/tmpn0yb8bcj/cache
522 : 2024-06-03 07:22:39,332 : INFO : telemetry.records : Processed file /tmp/tmpn0yb8bcj/cache into 0 records.
522 : 2024-06-03 07:22:39,333 : INFO : telemetry.records : Remove directory /tmp/tmpn0yb8bcj
522 : 2024-06-03 07:22:39,333 : INFO : telemetry.client : Accumulated 0 events. Flush the clients.
522 : 2024-06-03 07:22:39,333 : INFO : telemetry.note : Update the last send in note to 2024-06-03 07:22:38
522 : 2024-06-03 07:22:39,333 : INFO : telemetry.note : Update the note mtime to 2024-06-03 07:22:39.333486
540 : 2024-06-03 07:22:40,256 : INFO : telemetry.main : Attempt start. Configuration directory [/home/tanmoy/.azure].
540 : 2024-06-03 07:22:40,256 : DEBUG : telemetry.note : acquiring lock
540 : 2024-06-03 07:22:40,256 : DEBUG : telemetry.note : acquired lock
540 : 2024-06-03 07:22:40,256 : INFO : telemetry.note : Update the note mtime to 2024-06-03 07:22:40.256491
540 : 2024-06-03 07:22:40,258 : INFO : telemetry.note : Read timestamp from the note. The last send was 2024-06-03 07:22:38.
540 : 2024-06-03 07:22:40,258 : INFO : telemetry.records : 1 cache files to move.
540 : 2024-06-03 07:22:40,258 : INFO : telemetry.records : Create temp folder /tmp/tmp2lfbi_18
540 : 2024-06-03 07:22:40,259 : INFO : telemetry.records : Move file /home/tanmoy/.azure/telemetry/cache to /tmp/tmp2lfbi_18/cache
540 : 2024-06-03 07:22:40,259 : INFO : telemetry.records : Processed file /tmp/tmp2lfbi_18/cache into 1 records.
540 : 2024-06-03 07:22:40,259 : INFO : telemetry.records : Remove directory /tmp/tmp2lfbi_18
540 : 2024-06-03 07:22:40,259 : INFO : telemetry.client : Accumulated 1 events. Flush the clients.
540 : 2024-06-03 07:22:40,259 : INFO : telemetry.client : Flush client c4395b75-49cc-422c-bc95-c7d51aef5d46.
540 : 2024-06-03 07:22:40,915 : INFO : telemetry.sender : Sending 4295 bytes
540 : 2024-06-03 07:22:40,916 : INFO : telemetry.sender : Finish uploading in 0.656186 seconds.
540 : 2024-06-03 07:22:40,916 : INFO : telemetry.note : Update the last send in note to 2024-06-03 07:22:40
540 : 2024-06-03 07:22:40,916 : INFO : telemetry.note : Update the note mtime to 2024-06-03 07:22:40.916675
